#
# There is insufficient memory for the Java Runtime Environment to continue.
# Native memory allocation (mmap) failed to map 264241152 bytes. Error detail: G1 virtual space
# Possible reasons:
#   The system is out of physical RAM or swap space
#   This process is running with CompressedOops enabled, and the Java Heap may be blocking the growth of the native heap
# Possible solutions:
#   Reduce memory load on the system
#   Increase physical memory or swap space
#   Check if swap backing store is full
#   Decrease Java heap size (-Xmx/-Xms)
#   Decrease number of Java threads
#   Decrease Java thread stack sizes (-Xss)
#   Set larger code cache with -XX:ReservedCodeCacheSize=
#   JVM is running with Zero Based Compressed Oops mode in which the Java heap is
#     placed in the first 32GB address space. The Java Heap base address is the
#     maximum limit for the native heap growth. Please use -XX:HeapBaseMinAddress
#     to set the Java Heap base and to place the Java Heap above 32GB virtual address.
# This output file may be truncated or incomplete.
#
#  Out of Memory Error (os_windows.cpp:3631), pid=53904, tid=48108
#
# JRE version:  (22.0.1+8) (build )
# Java VM: Java HotSpot(TM) 64-Bit Server VM (22.0.1+8-16, mixed mode, sharing, tiered, compressed oops, compressed class ptrs, g1 gc, windows-amd64)
# No core dump will be written. Minidumps are not enabled by default on client versions of Windows
#

---------------  S U M M A R Y ------------

Command Line: -Dfile.encoding=UTF-8 --module-path=C:\Users\ABC\Documents\NetBeansProjects\HotelAir\build\classes gui.Dashbord

Host: 12th Gen Intel(R) Core(TM) i7-12650H, 16 cores, 15G,  Windows 11 , 64 bit Build 22621 (10.0.22621.3235)
Time: Sun Sep  1 19:35:32 2024 Sri Lanka Standard Time elapsed time: 0.012959 seconds (0d 0h 0m 0s)

---------------  T H R E A D  ---------------

Current thread (0x000001c8b94498e0):  JavaThread "Unknown thread" [_thread_in_vm, id=48108, stack(0x0000001537100000,0x0000001537200000) (1024K)]

Stack: [0x0000001537100000,0x0000001537200000]
Native frames: (J=compiled Java code, j=interpreted, Vv=VM code, C=native code)
V  [jvm.dll+0x6e2279]  (no source info available)
V  [jvm.dll+0x874e33]  (no source info available)
V  [jvm.dll+0x87725e]  (no source info available)
V  [jvm.dll+0x877933]  (no source info available)
V  [jvm.dll+0x27fd76]  (no source info available)
V  [jvm.dll+0x6de915]  (no source info available)
V  [jvm.dll+0x6d341a]  (no source info available)
V  [jvm.dll+0x3589da]  (no source info available)
V  [jvm.dll+0x360f06]  (no source info available)
V  [jvm.dll+0x3b3e2e]  (no source info available)
V  [jvm.dll+0x3b40d8]  (no source info available)
V  [jvm.dll+0x32c59c]  (no source info available)
V  [jvm.dll+0x32d158]  (no source info available)
V  [jvm.dll+0x83ccdc]  (no source info available)
V  [jvm.dll+0x3c0d71]  (no source info available)
V  [jvm.dll+0x825ccc]  (no source info available)
V  [jvm.dll+0x45b8fe]  (no source info available)
V  [jvm.dll+0x45d781]  (no source info available)
C  [jli.dll+0x52a3]  (no source info available)
C  [ucrtbase.dll+0x29363]  (no source info available)
C  [KERNEL32.DLL+0x1257d]  (no source info available)
C  [ntdll.dll+0x5aa58]  (no source info available)


---------------  P R O C E S S  ---------------

Threads class SMR info:
_java_thread_list=0x00007ffcfce0b1c8, length=0, elements={
}

Java Threads: ( => current thread )
Total: 0

Other Threads:
  0x000001c8b94aca60 WorkerThread "GC Thread#0"                     [id=60964, stack(0x0000001537200000,0x0000001537300000) (1024K)]
  0x000001c8b94bd460 ConcurrentGCThread "G1 Main Marker"            [id=51784, stack(0x0000001537300000,0x0000001537400000) (1024K)]
  0x000001c8b94bdf70 WorkerThread "G1 Conc#0"                       [id=56436, stack(0x0000001537400000,0x0000001537500000) (1024K)]

[error occurred during error reporting (printing all threads), id 0xc0000005, EXCEPTION_ACCESS_VIOLATION (0xc0000005) at pc=0x00007ffcfc55f367]
VM state: not at safepoint (not fully initialized)

VM Mutex/Monitor currently owned by a thread:  ([mutex/lock_event])
[0x00007ffcfce8bcb8] Heap_lock - owner thread: 0x000001c8b94498e0

Heap address: 0x0000000705e00000, size: 4002 MB, Compressed Oops mode: Zero based, Oop shift amount: 3

CDS archive(s) mapped at: [0x0000000000000000-0x0000000000000000-0x0000000000000000), size 0, SharedBaseAddress: 0x0000000800000000, ArchiveRelocationMode: 1.
Narrow klass base: 0x0000000000000000, Narrow klass shift: 0, Narrow klass range: 0x0

GC Precious Log:
 CardTable entry size: 512
 Card Set container configuration: InlinePtr #cards 4 size 8 Array Of Cards #cards 16 size 48 Howl #buckets 8 coarsen threshold 3686 Howl Bitmap #cards 512 size 80 coarsen threshold 460 Card regions per heap region 1 cards per card region 4096

Heap:
 garbage-first heap   total reserved 4098048K, committed 0K, used 0K [0x0000000705e00000, 0x0000000800000000)
  region size 2048K, 0 young (0K), 0 survivors (0K)

[error occurred during error reporting (printing heap information), id 0xc0000005, EXCEPTION_ACCESS_VIOLATION (0xc0000005) at pc=0x00007ffcfc95e429]
GC Heap History (0 events):
No events

Dll operation events (1 events):
Event: 0.009 Loaded shared library C:\Program Files\Java\jdk-22\bin\java.dll

Deoptimization events (0 events):
No events

Classes loaded (0 events):
No events

Classes unloaded (0 events):
No events

Classes redefined (0 events):
No events

Internal exceptions (0 events):
No events

ZGC Phase Switch (0 events):
No events

VM Operations (0 events):
No events

Events (0 events):
No events


Dynamic libraries:
0x00007ff6fe790000 - 0x00007ff6fe7a0000 	C:\Program Files\Java\jdk-22\bin\java.exe
0x00007ffd975d0000 - 0x00007ffd977e6000 	C:\WINDOWS\SYSTEM32\ntdll.dll
0x00007ffd96a10000 - 0x00007ffd96ad4000 	C:\WINDOWS\System32\KERNEL32.DLL
0x00007ffd94c60000 - 0x00007ffd95006000 	C:\WINDOWS\System32\KERNELBASE.dll
0x00007ffd95200000 - 0x00007ffd95311000 	C:\WINDOWS\System32\ucrtbase.dll
0x00007ffd8d390000 - 0x00007ffd8d3ab000 	C:\Program Files\Java\jdk-22\bin\VCRUNTIME140.dll
0x00007ffd8b810000 - 0x00007ffd8b827000 	C:\Program Files\Java\jdk-22\bin\jli.dll
0x00007ffd974d0000 - 0x00007ffd97582000 	C:\WINDOWS\System32\ADVAPI32.dll
0x00007ffd95770000 - 0x00007ffd95817000 	C:\WINDOWS\System32\msvcrt.dll
0x00007ffd97210000 - 0x00007ffd972b8000 	C:\WINDOWS\System32\sechost.dll
0x00007ffd95130000 - 0x00007ffd95158000 	C:\WINDOWS\System32\bcrypt.dll
0x00007ffd954e0000 - 0x00007ffd955f5000 	C:\WINDOWS\System32\RPCRT4.dll
0x00007ffd95330000 - 0x00007ffd954dd000 	C:\WINDOWS\System32\USER32.dll
0x00007ffd95160000 - 0x00007ffd95186000 	C:\WINDOWS\System32\win32u.dll
0x00007ffd95990000 - 0x00007ffd959b9000 	C:\WINDOWS\System32\GDI32.dll
0x00007ffd95010000 - 0x00007ffd95128000 	C:\WINDOWS\System32\gdi32full.dll
0x00007ffd7fc80000 - 0x00007ffd7ff13000 	C:\WINDOWS\WinSxS\amd64_microsoft.windows.common-controls_6595b64144ccf1df_6.0.22621.3235_none_270f74e173860f98\COMCTL32.dll
0x00007ffd94910000 - 0x00007ffd949aa000 	C:\WINDOWS\System32\msvcp_win.dll
0x00007ffd8d940000 - 0x00007ffd8d94a000 	C:\WINDOWS\SYSTEM32\VERSION.dll
0x00007ffd97490000 - 0x00007ffd974c1000 	C:\WINDOWS\System32\IMM32.DLL
0x00007ffd90ef0000 - 0x00007ffd90efc000 	C:\Program Files\Java\jdk-22\bin\vcruntime140_1.dll
0x00007ffd5e740000 - 0x00007ffd5e7ce000 	C:\Program Files\Java\jdk-22\bin\msvcp140.dll
0x00007ffcfc220000 - 0x00007ffcfcf67000 	C:\Program Files\Java\jdk-22\bin\server\jvm.dll
0x00007ffd956f0000 - 0x00007ffd95761000 	C:\WINDOWS\System32\WS2_32.dll
0x00007ffd937a0000 - 0x00007ffd937ed000 	C:\WINDOWS\SYSTEM32\POWRPROF.dll
0x00007ffd8ba60000 - 0x00007ffd8ba94000 	C:\WINDOWS\SYSTEM32\WINMM.dll
0x00007ffd93780000 - 0x00007ffd93793000 	C:\WINDOWS\SYSTEM32\UMPDC.dll
0x00007ffd93a40000 - 0x00007ffd93a58000 	C:\WINDOWS\SYSTEM32\kernel.appcore.dll
0x00007ffd8d370000 - 0x00007ffd8d37a000 	C:\Program Files\Java\jdk-22\bin\jimage.dll
0x00007ffd91ef0000 - 0x00007ffd92123000 	C:\WINDOWS\SYSTEM32\DBGHELP.DLL
0x00007ffd96ae0000 - 0x00007ffd96e68000 	C:\WINDOWS\System32\combase.dll
0x00007ffd95600000 - 0x00007ffd956d7000 	C:\WINDOWS\System32\OLEAUT32.dll
0x00007ffd84ab0000 - 0x00007ffd84ae2000 	C:\WINDOWS\SYSTEM32\dbgcore.DLL
0x00007ffd94be0000 - 0x00007ffd94c5a000 	C:\WINDOWS\System32\bcryptPrimitives.dll
0x00007ffd8cff0000 - 0x00007ffd8d00e000 	C:\Program Files\Java\jdk-22\bin\java.dll
0x00007ffd95cd0000 - 0x00007ffd9652c000 	C:\WINDOWS\System32\SHELL32.dll
0x00007ffd96ec0000 - 0x00007ffd9705f000 	C:\WINDOWS\System32\ole32.dll

dbghelp: loaded successfully - version: 4.0.5 - missing functions: none
symbol engine: initialized successfully - sym options: 0x614 - pdb path: .;C:\Program Files\Java\jdk-22\bin;C:\WINDOWS\SYSTEM32;C:\WINDOWS\WinSxS\amd64_microsoft.windows.common-controls_6595b64144ccf1df_6.0.22621.3235_none_270f74e173860f98;C:\Program Files\Java\jdk-22\bin\server

VM Arguments:
jvm_args: -Dfile.encoding=UTF-8 --module-path=C:\Users\ABC\Documents\NetBeansProjects\HotelAir\build\classes 
java_command: gui.Dashbord
java_class_path (initial): C:\Users\ABC\Downloads\flatlaf-3.5.1.jar;C:\Users\ABC\Downloads\mysql-connector-j-8.4.0.jar;C:\Users\ABC\Documents\NetBeansProjects\HotelAir\build\classes
Launcher Type: SUN_STANDARD

[Global flags]
     intx CICompilerCount                          = 12                                        {product} {ergonomic}
     uint ConcGCThreads                            = 3                                         {product} {ergonomic}
     uint G1ConcRefinementThreads                  = 13                                        {product} {ergonomic}
   size_t G1HeapRegionSize                         = 2097152                                   {product} {ergonomic}
   size_t InitialHeapSize                          = 264241152                                 {product} {ergonomic}
   size_t MarkStackSize                            = 4194304                                   {product} {ergonomic}
   size_t MaxHeapSize                              = 4196401152                                {product} {ergonomic}
   size_t MinHeapDeltaBytes                        = 2097152                                   {product} {ergonomic}
   size_t MinHeapSize                              = 8388608                                   {product} {ergonomic}
    uintx NonNMethodCodeHeapSize                   = 7602480                                {pd product} {ergonomic}
    uintx NonProfiledCodeHeapSize                  = 122027880                              {pd product} {ergonomic}
    uintx ProfiledCodeHeapSize                     = 122027880                              {pd product} {ergonomic}
    uintx ReservedCodeCacheSize                    = 251658240                              {pd product} {ergonomic}
     bool SegmentedCodeCache                       = true                                      {product} {ergonomic}
   size_t SoftMaxHeapSize                          = 4196401152                             {manageable} {ergonomic}
     bool UseCompressedOops                        = true                           {product lp64_product} {ergonomic}
     bool UseG1GC                                  = true                                      {product} {ergonomic}
     bool UseLargePagesIndividualAllocation        = false                                  {pd product} {ergonomic}

Logging:
Log output configuration:
 #0: stdout all=warning uptime,level,tags foldmultilines=false
 #1: stderr all=off uptime,level,tags foldmultilines=false

Environment Variables:
JAVA_HOME=C:\Program Files\Java\jdk-22
PATH=C:\Program Files\Common Files\Oracle\Java\javapath;C:\Program Files (x86)\Common Files\Oracle\Java\java8path;C:\Program Files (x86)\Common Files\Oracle\Java\javapath;C:\Python27\Scripts;C:\Python27;C:\Windows\system32;C:\Windows;C:\Windows\System32\Wbem;C:\Windows\System32\WindowsPowerShell\v1.0\;C:\Windows\System32\OpenSSH\;C:\Program Files (x86)\NVIDIA Corporation\PhysX\Common;C:\Program Files\dotnet\;C:\Program Files\Git\cmd;C:\Windows\SysWow64;;C:\WINDOWS\system32;C:\WINDOWS;C:\WINDOWS\System32\Wbem;C:\WINDOWS\System32\WindowsPowerShell\v1.0\;C:\WINDOWS\System32\OpenSSH\;C:\Program Files\nodejs\;C:\Program Files\NVIDIA Corporation\NVIDIA app\NvDLISR;C:\Program Files\MySQL\MySQL Shell 8.0\bin\;C:\flutter_windows_3.22.2-stable_2\flutter\bin
USERNAME=ABC
OS=Windows_NT
PROCESSOR_IDENTIFIER=Intel64 Family 6 Model 154 Stepping 3, GenuineIntel
TMP=C:\Users\ABC\AppData\Local\Temp
TEMP=C:\Users\ABC\AppData\Local\Temp




Periodic native trim disabled

---------------  S Y S T E M  ---------------

OS:
 Windows 11 , 64 bit Build 22621 (10.0.22621.3235)
OS uptime: 9 days 1:50 hours

CPU: total 16 (initial active 16) (8 cores per cpu, 2 threads per core) family 6 model 154 stepping 3 microcode 0x41c, cx8, cmov, fxsr, ht, mmx, 3dnowpref, sse, sse2, sse3, ssse3, sse4.1, sse4.2, popcnt, lzcnt, tsc, tscinvbit, avx, avx2, aes, erms, clmul, bmi1, bmi2, adx, sha, fma, vzeroupper, clflush, clflushopt, clwb, serialize, rdtscp, rdpid, fsrm, f16c, pku, cet_ibt, cet_ss
Processor Information for processor 0
  Max Mhz: 2300, Current Mhz: 2300, Mhz Limit: 2300
Processor Information for processor 1
  Max Mhz: 2300, Current Mhz: 2300, Mhz Limit: 2300
Processor Information for processor 2
  Max Mhz: 2300, Current Mhz: 2300, Mhz Limit: 2300
Processor Information for processor 3
  Max Mhz: 2300, Current Mhz: 2300, Mhz Limit: 2300
Processor Information for processor 4
  Max Mhz: 2300, Current Mhz: 2300, Mhz Limit: 2300
Processor Information for processor 5
  Max Mhz: 2300, Current Mhz: 2300, Mhz Limit: 2300
Processor Information for processor 6
  Max Mhz: 2300, Current Mhz: 2300, Mhz Limit: 2300
Processor Information for processor 7
  Max Mhz: 2300, Current Mhz: 2300, Mhz Limit: 2300
Processor Information for processor 8
  Max Mhz: 2300, Current Mhz: 2300, Mhz Limit: 2300
Processor Information for processor 9
  Max Mhz: 2300, Current Mhz: 2300, Mhz Limit: 2300
Processor Information for processor 10
  Max Mhz: 2300, Current Mhz: 2300, Mhz Limit: 2300
Processor Information for processor 11
  Max Mhz: 2300, Current Mhz: 2300, Mhz Limit: 2300
Processor Information for processor 12
  Max Mhz: 2300, Current Mhz: 1700, Mhz Limit: 1679
Processor Information for processor 13
  Max Mhz: 2300, Current Mhz: 1700, Mhz Limit: 1679
Processor Information for processor 14
  Max Mhz: 2300, Current Mhz: 1700, Mhz Limit: 1679
Processor Information for processor 15
  Max Mhz: 2300, Current Mhz: 1700, Mhz Limit: 1679

Memory: 4k page, system-wide physical 16005M (185M free)
TotalPageFile size 65157M (AvailPageFile size 238M)
current process WorkingSet (physical memory assigned to process): 12M, peak: 12M
current process commit charge ("private bytes"): 71M, peak: 322M

vm_info: Java HotSpot(TM) 64-Bit Server VM (22.0.1+8-16) for windows-amd64 JRE (22.0.1+8-16), built on 2024-03-12T10:33:16Z by "mach5one" with MS VC++ 17.6 (VS2022)

END.
